Start testing: Mar 15 09:55 CET
----------------------------------------------------------
1/1 Testing: test_snippet_char_to_rank.cpp
1/1 Test: test_snippet_char_to_rank.cpp
Command: "/usr/bin/bash" "-c" "/home/gene/Coding/IVSigma/build/snippets/snippet_char_to_rank.cpp | diff - /home/gene/Coding/IVSigma/snippets/char_to_rank.cpp.out"
Directory: /home/gene/Coding/IVSigma/build/snippets
"test_snippet_char_to_rank.cpp" start time: Mar 15 09:55 CET
Output:
----------------------------------------------------------
<end of output>
Test time =   0.00 sec
----------------------------------------------------------
Test Passed.
"test_snippet_char_to_rank.cpp" end time: Mar 15 09:55 CET
"test_snippet_char_to_rank.cpp" time elapsed: 00:00:00
----------------------------------------------------------

End testing: Mar 15 09:55 CET
